<?xml version="1.0" encoding="UTF-8"?>
<!-- Generated by org.testng.reporters.JUnitReportReporter -->
<testsuite hostname="RKAINS007" failures="0" tests="1" name="webs.Amazon" time="11.048" errors="0" timestamp="25 Aug 2023 04:39:15 GMT">
  <testcase classname="webs.Amazon" name="jioMart" time="11.048"/>
</testsuite>
