<?xml version="1.0" encoding="UTF-8"?>
<!-- Generated by org.testng.reporters.JUnitReportReporter -->
<testsuite hostname="RKAINS007" failures="0" tests="1" name="webs.Jiomart" time="11.476" errors="0" timestamp="25 Aug 2023 04:36:32 GMT">
  <testcase classname="webs.Jiomart" name="jiomart" time="11.476"/>
</testsuite>
